2024-07-02 14:26:06 - Failed to create user alex.johnson: admin, finance, hr.
2024-07-02 14:26:06 - Failed to create user emily.roberts: marketing, sales.
2024-07-02 14:26:06 - Failed to create user michael.davis: it, support, security.
2024-07-02 14:26:06 - Failed to create user sarah.miller: engineering, product.
2024-07-02 14:26:06 - Failed to create user david.lee: operations, logistics.
2024-07-02 14:26:06 - Failed to create user jessica.martinez: research, development.
2024-07-02 14:26:06 - Failed to create user daniel.garcia: customer_service, quality_control.
2024-07-02 14:26:06 - Failed to create user emma.anderson: legal, compliance.
2024-07-02 14:26:06 - Failed to create user james.clark: design, creative.
2024-07-02 14:26:06 - Failed to create user olivia.walker: hr, training.
2024-07-02 14:26:06 - User creation process completed.
2024-07-02 14:30:37 - User alex.johnson created successfully.
2024-07-02 14:30:37 - Failed to create group alex.johnson.
2024-07-02 14:30:37 - User alex.johnson added to personal group alex.johnson.
2024-07-02 14:30:37 - Group admin created.
2024-07-02 14:30:38 - User alex.johnson added to group admin.
2024-07-02 14:30:38 - Group finance created.
2024-07-02 14:30:38 - User alex.johnson added to group finance.
2024-07-02 14:30:38 - Group hr created.
2024-07-02 14:30:38 - User alex.johnson added to group hr.
2024-07-02 14:30:38 - Password for user alex.johnson stored securely.
2024-07-02 14:30:38 - Permissions set for home directory of user alex.johnson.
2024-07-02 14:30:38 - User emily.roberts created successfully.
2024-07-02 14:30:38 - Failed to create group emily.roberts.
2024-07-02 14:30:38 - User emily.roberts added to personal group emily.roberts.
2024-07-02 14:30:38 - Group marketing created.
2024-07-02 14:30:38 - User emily.roberts added to group marketing.
2024-07-02 14:30:38 - Group sales created.
2024-07-02 14:30:38 - User emily.roberts added to group sales.
2024-07-02 14:30:38 - Password for user emily.roberts stored securely.
2024-07-02 14:30:38 - Permissions set for home directory of user emily.roberts.
2024-07-02 14:30:38 - User michael.davis created successfully.
2024-07-02 14:30:38 - Failed to create group michael.davis.
2024-07-02 14:30:38 - User michael.davis added to personal group michael.davis.
2024-07-02 14:30:38 - Group it created.
2024-07-02 14:30:38 - User michael.davis added to group it.
2024-07-02 14:30:38 - Group support created.
2024-07-02 14:30:38 - User michael.davis added to group support.
2024-07-02 14:30:38 - Group security created.
2024-07-02 14:30:38 - User michael.davis added to group security.
2024-07-02 14:30:38 - Password for user michael.davis stored securely.
2024-07-02 14:30:38 - Permissions set for home directory of user michael.davis.
2024-07-02 14:30:39 - User sarah.miller created successfully.
2024-07-02 14:30:39 - Failed to create group sarah.miller.
2024-07-02 14:30:39 - User sarah.miller added to personal group sarah.miller.
2024-07-02 14:30:39 - Group engineering created.
2024-07-02 14:30:39 - User sarah.miller added to group engineering.
2024-07-02 14:30:39 - Group product created.
2024-07-02 14:30:39 - User sarah.miller added to group product.
2024-07-02 14:30:39 - Password for user sarah.miller stored securely.
2024-07-02 14:30:39 - Permissions set for home directory of user sarah.miller.
2024-07-02 14:30:39 - User david.lee created successfully.
2024-07-02 14:30:39 - Failed to create group david.lee.
2024-07-02 14:30:39 - User david.lee added to personal group david.lee.
2024-07-02 14:30:39 - Group operations created.
2024-07-02 14:30:39 - User david.lee added to group operations.
2024-07-02 14:30:39 - Group logistics created.
2024-07-02 14:30:39 - User david.lee added to group logistics.
2024-07-02 14:30:39 - Password for user david.lee stored securely.
2024-07-02 14:30:39 - Permissions set for home directory of user david.lee.
2024-07-02 14:30:39 - User jessica.martinez created successfully.
2024-07-02 14:30:39 - Failed to create group jessica.martinez.
2024-07-02 14:30:39 - User jessica.martinez added to personal group jessica.martinez.
2024-07-02 14:30:39 - Group research created.
2024-07-02 14:30:39 - User jessica.martinez added to group research.
2024-07-02 14:30:39 - Group development created.
2024-07-02 14:30:39 - User jessica.martinez added to group development.
2024-07-02 14:30:39 - Password for user jessica.martinez stored securely.
2024-07-02 14:30:39 - Permissions set for home directory of user jessica.martinez.
2024-07-02 14:30:40 - User daniel.garcia created successfully.
2024-07-02 14:30:40 - Failed to create group daniel.garcia.
2024-07-02 14:30:40 - User daniel.garcia added to personal group daniel.garcia.
2024-07-02 14:30:40 - Group customer_service created.
2024-07-02 14:30:40 - User daniel.garcia added to group customer_service.
2024-07-02 14:30:40 - Group quality_control created.
2024-07-02 14:30:40 - User daniel.garcia added to group quality_control.
2024-07-02 14:30:40 - Password for user daniel.garcia stored securely.
2024-07-02 14:30:40 - Permissions set for home directory of user daniel.garcia.
2024-07-02 14:30:40 - User emma.anderson created successfully.
2024-07-02 14:30:40 - Failed to create group emma.anderson.
2024-07-02 14:30:40 - User emma.anderson added to personal group emma.anderson.
2024-07-02 14:30:40 - Group legal created.
2024-07-02 14:30:40 - User emma.anderson added to group legal.
2024-07-02 14:30:40 - Group compliance created.
2024-07-02 14:30:40 - User emma.anderson added to group compliance.
2024-07-02 14:30:40 - Password for user emma.anderson stored securely.
2024-07-02 14:30:40 - Permissions set for home directory of user emma.anderson.
2024-07-02 14:30:40 - User james.clark created successfully.
2024-07-02 14:30:40 - Failed to create group james.clark.
2024-07-02 14:30:40 - User james.clark added to personal group james.clark.
2024-07-02 14:30:40 - Group design created.
2024-07-02 14:30:40 - User james.clark added to group design.
2024-07-02 14:30:40 - Group creative created.
2024-07-02 14:30:40 - User james.clark added to group creative.
2024-07-02 14:30:40 - Password for user james.clark stored securely.
2024-07-02 14:30:40 - Permissions set for home directory of user james.clark.
2024-07-02 14:30:41 - User olivia.walker created successfully.
2024-07-02 14:30:41 - Failed to create group olivia.walker.
2024-07-02 14:30:41 - User olivia.walker added to personal group olivia.walker.
2024-07-02 14:30:41 - User olivia.walker added to group hr.
2024-07-02 14:30:41 - Group training created.
2024-07-02 14:30:41 - User olivia.walker added to group training.
2024-07-02 14:30:41 - Password for user olivia.walker stored securely.
2024-07-02 14:30:41 - Permissions set for home directory of user olivia.walker.
2024-07-02 14:30:41 - User creation process completed.
